d:\projects\heaj\24-25\cplusplus\cpp_project\cpp_project\x64\release\vc143.pdb
d:\projects\heaj\24-25\cplusplus\cpp_project\cpp_project\x64\release\main.obj
d:\projects\heaj\24-25\cplusplus\cpp_project\cpp_project\x64\release\game.obj
d:\projects\heaj\24-25\cplusplus\cpp_project\cpp_project\x64\release\logger.obj
d:\projects\heaj\24-25\cplusplus\cpp_project\cpp_project\x64\release\assetmanager.obj
d:\projects\heaj\24-25\cplusplus\cpp_project\cpp_project\x64\release\input.obj
d:\projects\heaj\24-25\cplusplus\cpp_project\cpp_project\x64\release\player.obj
d:\projects\heaj\24-25\cplusplus\cpp_project\x64\release\cpp_project.exe
d:\projects\heaj\24-25\cplusplus\cpp_project\x64\release\cpp_project.pdb
d:\projects\heaj\24-25\cplusplus\cpp_project\cpp_project\x64\release\cpp_project.ipdb
d:\projects\heaj\24-25\cplusplus\cpp_project\cpp_project\x64\release\cpp_project.iobj
d:\projects\heaj\24-25\cplusplus\cpp_project\cpp_project\x64\release\entities.obj
d:\projects\heaj\24-25\cplusplus\cpp_project\cpp_project\x64\release\level.obj
d:\projects\heaj\24-25\cplusplus\cpp_project\cpp_project\x64\release\cpp_project.tlog\cl.command.1.tlog
d:\projects\heaj\24-25\cplusplus\cpp_project\cpp_project\x64\release\cpp_project.tlog\cl.items.tlog
d:\projects\heaj\24-25\cplusplus\cpp_project\cpp_project\x64\release\cpp_project.tlog\cl.read.1.tlog
d:\projects\heaj\24-25\cplusplus\cpp_project\cpp_project\x64\release\cpp_project.tlog\cl.write.1.tlog
d:\projects\heaj\24-25\cplusplus\cpp_project\cpp_project\x64\release\cpp_project.tlog\link.command.1.tlog
d:\projects\heaj\24-25\cplusplus\cpp_project\cpp_project\x64\release\cpp_project.tlog\link.read.1.tlog
d:\projects\heaj\24-25\cplusplus\cpp_project\cpp_project\x64\release\cpp_project.tlog\link.secondary.1.tlog
d:\projects\heaj\24-25\cplusplus\cpp_project\cpp_project\x64\release\cpp_project.tlog\link.write.1.tlog
