d:\projects\heaj\24-25\cplusplus\cpp_project\cpp_project\x64\debug\vc143.pdb
d:\projects\heaj\24-25\cplusplus\cpp_project\cpp_project\x64\debug\vc143.idb
d:\projects\heaj\24-25\cplusplus\cpp_project\cpp_project\x64\debug\logger.obj
d:\projects\heaj\24-25\cplusplus\cpp_project\cpp_project\x64\debug\main.obj
d:\projects\heaj\24-25\cplusplus\cpp_project\cpp_project\x64\debug\game.obj
d:\projects\heaj\24-25\cplusplus\cpp_project\cpp_project\x64\debug\entities.obj
d:\projects\heaj\24-25\cplusplus\cpp_project\cpp_project\x64\debug\assetmanager.obj
d:\projects\heaj\24-25\cplusplus\cpp_project\cpp_project\x64\debug\input.obj
d:\projects\heaj\24-25\cplusplus\cpp_project\x64\debug\cpp_project.exe
d:\projects\heaj\24-25\cplusplus\cpp_project\x64\debug\cpp_project.pdb
d:\projects\heaj\24-25\cplusplus\cpp_project\cpp_project\x64\debug\glm.cppm.module.json
d:\projects\heaj\24-25\cplusplus\cpp_project\cpp_project\x64\debug\cpp_project.ilk
d:\projects\heaj\24-25\cplusplus\cpp_project\cpp_project\x64\debug\cpp_project.tlog\cl.command.1.tlog
d:\projects\heaj\24-25\cplusplus\cpp_project\cpp_project\x64\debug\cpp_project.tlog\cl.items.tlog
d:\projects\heaj\24-25\cplusplus\cpp_project\cpp_project\x64\debug\cpp_project.tlog\cl.read.1.tlog
d:\projects\heaj\24-25\cplusplus\cpp_project\cpp_project\x64\debug\cpp_project.tlog\cl.write.1.tlog
d:\projects\heaj\24-25\cplusplus\cpp_project\cpp_project\x64\debug\cpp_project.tlog\link.command.1.tlog
d:\projects\heaj\24-25\cplusplus\cpp_project\cpp_project\x64\debug\cpp_project.tlog\link.read.1.tlog
d:\projects\heaj\24-25\cplusplus\cpp_project\cpp_project\x64\debug\cpp_project.tlog\link.secondary.1.tlog
d:\projects\heaj\24-25\cplusplus\cpp_project\cpp_project\x64\debug\cpp_project.tlog\link.write.1.tlog
d:\projects\heaj\24-25\cplusplus\cpp_project\cpp_project\x64\debug\cpp_project_md.tlog\cl.command.1.tlog
d:\projects\heaj\24-25\cplusplus\cpp_project\cpp_project\x64\debug\cpp_project_md.tlog\microsoft.build.cpptasks.cl.read.1.tlog
d:\projects\heaj\24-25\cplusplus\cpp_project\cpp_project\x64\debug\cpp_project_md.tlog\microsoft.build.cpptasks.cl.write.1.tlog
